<?xml version="1.0" encoding="UTF-8"?>
<!-- Generated by org.testng.reporters.JUnitReportReporter -->
<testsuite hostname="DESKTOP-3O7K7ML" name="MainPageNavigationTestClass" tests="1" failures="0" timestamp="8 Nov 2015 12:35:34 GMT" time="15.242" errors="0">
  <testcase name="MainPageNavigation_NavigateToLearnHowPageIsValid_Test" time="15.242" classname="MainPageNavigationTestClass"/>
</testsuite> <!-- MainPageNavigationTestClass -->
