<?xml version="1.0" encoding="UTF-8"?>
<!-- Generated by org.testng.reporters.JUnitReportReporter -->
<testsuite hostname="SC0197" name="TestClass" tests="2" failures="0" timestamp="13 Nov 2014 15:27:11 GMT" time="12.508" errors="0">
  <testcase name="loginTest" time="1.008" classname="TestClass"/>
  <testcase name="sendEmailTest" time="11.500" classname="TestClass"/>
</testsuite> <!-- TestClass -->
