<?xml version="1.0" encoding="UTF-8"?>
<!-- Generated by org.testng.reporters.JUnitReportReporter -->
<testsuite hostname="DESKTOP-3O7K7ML" name="SearchTestClass" tests="2" failures="0" timestamp="8 Nov 2015 09:46:55 GMT" time="13.543" errors="0">
  <testcase name="searchMainOage_SearchItemByTitleIsFound_Test" time="8.857" classname="SearchTestClass"/>
  <testcase name="searchMainPage_SearchItemByContentIsFound_Test" time="4.686" classname="SearchTestClass"/>
</testsuite> <!-- SearchTestClass -->
