<?xml version="1.0" encoding="UTF-8"?>
<!-- Generated by org.testng.reporters.JUnitReportReporter -->
<testsuite hostname="DESKTOP-3O7K7ML" name="LoginTestClass" tests="1" failures="0" timestamp="8 Nov 2015 08:16:09 GMT" time="2.349" errors="0">
  <testcase name="loginTest" time="2.349" classname="LoginTestClass"/>
</testsuite> <!-- LoginTestClass -->
